SF:lib/moteis/data/data_source/home_remote_data_source.dart
DA:14,1
DA:16,1
DA:19,2
DA:21,5
DA:22,1
DA:23,3
DA:24,3
DA:27,1
DA:29,1
DA:30,1
LF:10
LH:10
end_of_record
SF:lib/moteis/data/repository/home_repository_impl.dart
DA:9,1
DA:11,1
DA:14,2
DA:15,1
LF:4
LH:4
end_of_record
SF:lib/moteis/domain/entity/motel.dart
DA:14,7
DA:25,1
DA:35,1
DA:36,1
DA:37,1
DA:38,1
DA:39,1
DA:40,1
DA:41,1
DA:42,1
DA:43,1
DA:47,1
DA:48,3
LF:13
LH:13
end_of_record
SF:lib/moteis/domain/entity/suite.dart
DA:12,9
DA:22,1
DA:31,1
DA:32,1
DA:33,1
DA:34,1
DA:35,1
DA:36,1
DA:37,1
DA:38,1
DA:42,1
DA:43,2
DA:49,4
DA:51,1
DA:52,1
DA:53,1
DA:57,1
DA:58,2
DA:65,4
DA:67,1
DA:71,1
DA:72,1
DA:73,1
DA:77,1
DA:78,3
DA:89,4
DA:98,1
DA:106,1
DA:107,1
DA:108,1
DA:109,1
DA:110,1
DA:111,1
DA:112,1
LF:34
LH:34
end_of_record
SF:lib/moteis/presentation/widget/period_card.dart
DA:7,2
DA:9,2
DA:11,2
DA:12,8
DA:13,2
DA:17,2
DA:18,2
DA:19,2
DA:20,2
DA:25,2
DA:26,2
DA:27,4
DA:36,2
LF:13
LH:13
end_of_record
SF:lib/moteis/data/model/motel_model.dart
DA:5,2
DA:16,4
DA:17,2
DA:18,2
DA:19,2
DA:20,2
DA:21,2
DA:22,2
DA:23,1
DA:24,4
DA:26,2
DA:27,2
DA:28,2
DA:30,2
LF:14
LH:14
end_of_record
SF:lib/moteis/data/model/suite_model.dart
DA:4,2
DA:14,4
DA:15,2
DA:16,2
DA:17,2
DA:18,6
DA:19,2
DA:20,3
DA:21,2
DA:23,2
DA:24,2
DA:25,1
DA:26,1
DA:27,3
DA:29,2
DA:30,2
DA:31,1
DA:32,4
DA:34,2
DA:39,1
DA:41,2
DA:42,1
DA:47,1
DA:52,1
DA:53,1
DA:54,1
DA:55,1
DA:60,1
DA:69,2
DA:70,1
DA:71,1
DA:72,3
DA:74,3
DA:75,1
DA:76,1
DA:77,3
LF:36
LH:36
end_of_record
SF:lib/moteis/domain/use_case/get_moteis_use_case.dart
DA:7,1
DA:9,3
LF:2
LH:2
end_of_record
SF:lib/moteis/presentation/widget/suite_card.dart
DA:6,2
DA:8,2
DA:10,2
DA:13,4
DA:14,2
DA:16,2
DA:17,2
DA:18,2
DA:21,2
DA:22,6
DA:28,2
DA:30,2
DA:31,2
DA:32,2
DA:33,4
DA:39,4
DA:40,2
DA:42,2
DA:43,2
DA:48,2
DA:49,2
DA:50,6
DA:51,2
LF:23
LH:23
end_of_record
SF:lib/moteis/presentation/widget/category_card.dart
DA:6,2
DA:8,2
DA:10,4
DA:12,2
DA:15,2
DA:17,2
DA:19,2
DA:20,8
DA:21,2
DA:22,2
DA:23,4
DA:49,2
DA:50,2
DA:51,2
DA:52,2
DA:53,2
DA:56,4
DA:60,1
DA:62,1
DA:67,1
DA:68,1
DA:69,3
DA:70,1
DA:72,1
DA:73,1
DA:74,1
DA:75,1
DA:76,1
DA:85,1
DA:86,1
DA:87,2
DA:88,1
DA:98,2
DA:101,1
DA:102,1
DA:105,1
DA:106,2
DA:108,1
DA:112,1
DA:113,1
DA:114,1
DA:118,2
DA:123,1
DA:126,1
DA:127,1
DA:128,2
DA:129,1
DA:139,2
DA:143,1
DA:145,1
DA:146,4
LF:51
LH:51
end_of_record
SF:lib/moteis/presentation/state/home_provider.dart
DA:9,1
DA:15,1
DA:16,3
DA:17,4
DA:18,1
DA:21,1
DA:22,2
DA:23,1
LF:8
LH:8
end_of_record
SF:lib/moteis/presentation/widget/motel_card.dart
DA:14,1
DA:16,1
DA:18,1
DA:19,1
DA:20,1
DA:22,1
DA:25,1
DA:26,1
DA:27,3
DA:29,1
DA:30,1
DA:31,1
DA:33,1
DA:34,1
DA:35,2
DA:36,1
DA:41,1
DA:42,5
DA:43,1
DA:47,1
DA:48,1
DA:49,1
DA:50,1
DA:51,1
DA:55,1
DA:56,1
DA:60,1
DA:62,1
DA:63,1
DA:64,1
DA:69,1
DA:70,1
DA:71,3
DA:72,1
DA:80,1
DA:81,1
DA:82,1
DA:83,1
DA:84,4
DA:85,1
DA:90,1
DA:98,1
DA:99,1
DA:100,1
DA:101,3
DA:102,1
DA:104,2
DA:112,1
DA:117,1
DA:118,3
DA:125,1
DA:126,3
DA:127,1
DA:128,3
DA:129,1
DA:130,1
DA:131,1
DA:132,1
DA:133,1
DA:134,1
DA:138,1
LF:61
LH:61
end_of_record
SF:lib/moteis/presentation/widget/unavailable_card.dart
DA:4,1
DA:6,1
DA:8,1
DA:11,1
DA:13,1
DA:15,1
DA:16,1
DA:18,1
DA:23,1
DA:24,1
DA:25,1
DA:27,0
DA:28,1
DA:29,1
DA:30,1
DA:34,1
DA:35,1
DA:37,1
LF:18
LH:17
end_of_record
SF:lib/moteis/presentation/widget/motel_filters.dart
DA:4,1
DA:6,1
DA:8,1
DA:11,1
DA:13,1
DA:14,1
DA:15,0
DA:17,1
DA:19,1
DA:20,1
DA:21,1
DA:23,1
DA:28,1
DA:29,1
DA:30,0
DA:32,1
DA:34,1
DA:37,1
DA:38,1
DA:39,0
DA:41,1
DA:43,1
DA:46,1
DA:47,1
DA:48,0
DA:50,1
DA:52,1
DA:55,1
DA:56,1
DA:57,0
DA:59,1
DA:61,1
DA:64,1
DA:65,1
DA:66,0
DA:68,1
DA:70,1
DA:73,1
DA:74,1
DA:75,0
DA:77,1
DA:79,1
DA:82,1
DA:83,1
DA:84,0
DA:86,1
DA:88,1
DA:91,1
DA:92,1
DA:93,0
DA:95,1
DA:97,1
DA:100,1
DA:101,1
DA:102,0
DA:104,1
DA:106,1
DA:109,1
DA:110,1
DA:111,0
DA:113,1
DA:115,1
DA:118,1
DA:119,1
DA:120,0
DA:122,1
DA:124,1
DA:127,1
DA:128,1
DA:129,0
DA:131,1
DA:133,1
DA:136,1
DA:137,1
DA:138,0
DA:140,1
DA:142,1
DA:145,1
DA:146,1
DA:147,0
DA:149,1
DA:151,1
LF:82
LH:67
end_of_record
